#-----------------------------------------------------------
# Vivado v2020.2 (64-bit)
# SW Build 3064766 on Wed Nov 18 09:12:45 MST 2020
# IP Build 3064653 on Wed Nov 18 14:17:31 MST 2020
# Start of session at: Fri Jun  6 17:34:25 2025
# Process ID: 23624
# Current directory: C:/harman/_HARMAN Team Project/HarmanSA_June_TeamPJ/color_find
# Command line: vivado.exe -gui_launcher_event rodinguilauncherevent14496 C:\harman\_HARMAN Team Project\HarmanSA_June_TeamPJ\color_find\color_find.xpr
# Log file: C:/harman/_HARMAN Team Project/HarmanSA_June_TeamPJ/color_find/vivado.log
# Journal file: C:/harman/_HARMAN Team Project/HarmanSA_June_TeamPJ/color_find\vivado.jou
#-----------------------------------------------------------
start_gui
open_project {C:/harman/_HARMAN Team Project/HarmanSA_June_TeamPJ/color_find/color_find.xpr}
WARNING: [filemgmt 56-3] Default IP Output Path : Could not find the directory 'C:/harman/_HARMAN Team Project/HarmanSA_June_TeamPJ/color_find/color_find.gen/sources_1'.
Scanning sources...
Finished scanning sources
INFO: [IP_Flow 19-234] Refreshing IP repositories
INFO: [IP_Flow 19-1704] No user IP repositories specified
INFO: [IP_Flow 19-2313] Loaded Vivado IP repository 'C:/Xilinx/Vivado/2020.2/data/ip'.
update_compile_order -fileset sources_1
open_hw_manager
connect_hw_server -allow_non_jtag
INFO: [Labtools 27-2285] Connecting to hw_server url TCP:localhost:3121
INFO: [Labtools 27-3415] Connecting to cs_server url TCP:localhost:3042
INFO: [Labtools 27-3414] Connected to existing cs_server.
open_hw_target
INFO: [Labtoolstcl 44-466] Opening hw_target localhost:3121/xilinx_tcf/Digilent/210183B9AA55A
set_property PROGRAM.FILE {C:/harman/_HARMAN Team Project/HarmanSA_June_TeamPJ/color_find/color_find.runs/impl_1/top_color_find.bit} [get_hw_devices xc7a35t_0]
current_hw_device [get_hw_devices xc7a35t_0]
refresh_hw_device -update_hw_probes false [lindex [get_hw_devices xc7a35t_0] 0]
INFO: [Labtools 27-1434] Device xc7a35t (JTAG device index = 0) is programmed with a design that has no supported debug core(s) in it.
set_property PROBES.FILE {} [get_hw_devices xc7a35t_0]
set_property FULL_PROBES.FILE {} [get_hw_devices xc7a35t_0]
set_property PROGRAM.FILE {C:/harman/_HARMAN Team Project/HarmanSA_June_TeamPJ/color_find/color_find.runs/impl_1/top_color_find.bit} [get_hw_devices xc7a35t_0]
program_hw_devices [get_hw_devices xc7a35t_0]
INFO: [Labtools 27-3164] End of startup status: HIGH
refresh_hw_device [lindex [get_hw_devices xc7a35t_0] 0]
INFO: [Labtools 27-1434] Device xc7a35t (JTAG device index = 0) is programmed with a design that has no supported debug core(s) in it.
reset_run synth_1
launch_runs impl_1 -to_step write_bitstream -jobs 16
[Fri Jun  6 17:37:56 2025] Launched synth_1...
Run output will be captured here: C:/harman/_HARMAN Team Project/HarmanSA_June_TeamPJ/color_find/color_find.runs/synth_1/runme.log
[Fri Jun  6 17:37:56 2025] Launched impl_1...
Run output will be captured here: C:/harman/_HARMAN Team Project/HarmanSA_June_TeamPJ/color_find/color_find.runs/impl_1/runme.log
set_property PROBES.FILE {} [get_hw_devices xc7a35t_0]
set_property FULL_PROBES.FILE {} [get_hw_devices xc7a35t_0]
set_property PROGRAM.FILE {C:/harman/_HARMAN Team Project/HarmanSA_June_TeamPJ/color_find/color_find.runs/impl_1/top_color_find.bit} [get_hw_devices xc7a35t_0]
program_hw_devices [get_hw_devices xc7a35t_0]
INFO: [Labtools 27-3164] End of startup status: HIGH
refresh_hw_device [lindex [get_hw_devices xc7a35t_0] 0]
INFO: [Labtools 27-1434] Device xc7a35t (JTAG device index = 0) is programmed with a design that has no supported debug core(s) in it.
reset_run synth_1
launch_runs impl_1 -to_step write_bitstream -jobs 16
[Fri Jun  6 17:45:22 2025] Launched synth_1...
Run output will be captured here: C:/harman/_HARMAN Team Project/HarmanSA_June_TeamPJ/color_find/color_find.runs/synth_1/runme.log
[Fri Jun  6 17:45:22 2025] Launched impl_1...
Run output will be captured here: C:/harman/_HARMAN Team Project/HarmanSA_June_TeamPJ/color_find/color_find.runs/impl_1/runme.log
set_property PROBES.FILE {} [get_hw_devices xc7a35t_0]
set_property FULL_PROBES.FILE {} [get_hw_devices xc7a35t_0]
set_property PROGRAM.FILE {C:/harman/_HARMAN Team Project/HarmanSA_June_TeamPJ/color_find/color_find.runs/impl_1/top_color_find.bit} [get_hw_devices xc7a35t_0]
program_hw_devices [get_hw_devices xc7a35t_0]
INFO: [Labtools 27-3164] End of startup status: HIGH
refresh_hw_device [lindex [get_hw_devices xc7a35t_0] 0]
INFO: [Labtools 27-1434] Device xc7a35t (JTAG device index = 0) is programmed with a design that has no supported debug core(s) in it.
ERROR: [Labtoolstcl 44-513] HW Target shutdown. Closing target: localhost:3121/xilinx_tcf/Digilent/210183B9AA55A
INFO: [Labtoolstcl 44-466] Opening hw_target localhost:3121/xilinx_tcf/Digilent/210183B9AA55A
INFO: [Labtools 27-1434] Device xc7a35t (JTAG device index = 0) is programmed with a design that has no supported debug core(s) in it.
WARNING: [Labtoolstcl 44-129] No matching hw_ila_data was found.
ERROR: [Labtoolstcl 44-513] HW Target shutdown. Closing target: localhost:3121/xilinx_tcf/Digilent/210183B9AA55A
INFO: [Labtoolstcl 44-466] Opening hw_target localhost:3121/xilinx_tcf/Digilent/210183B9AA55A
INFO: [Labtools 27-1434] Device xc7a35t (JTAG device index = 0) is programmed with a design that has no supported debug core(s) in it.
WARNING: [Labtoolstcl 44-129] No matching hw_ila_data was found.
ERROR: [Labtoolstcl 44-513] HW Target shutdown. Closing target: localhost:3121/xilinx_tcf/Digilent/210183B9AA55A
close_hw_manager
open_hw_manager
connect_hw_server -allow_non_jtag
INFO: [Labtools 27-2285] Connecting to hw_server url TCP:localhost:3121
INFO: [Labtools 27-3415] Connecting to cs_server url TCP:localhost:3042
INFO: [Labtools 27-3414] Connected to existing cs_server.
open_hw_target
INFO: [Labtoolstcl 44-466] Opening hw_target localhost:3121/xilinx_tcf/Digilent/210183B9AA55A
set_property PROGRAM.FILE {C:/harman/_HARMAN Team Project/HarmanSA_June_TeamPJ/color_find/color_find.runs/impl_1/top_color_find.bit} [get_hw_devices xc7a35t_0]
current_hw_device [get_hw_devices xc7a35t_0]
refresh_hw_device -update_hw_probes false [lindex [get_hw_devices xc7a35t_0] 0]
INFO: [Labtools 27-1434] Device xc7a35t (JTAG device index = 0) is programmed with a design that has no supported debug core(s) in it.
set_property PROBES.FILE {} [get_hw_devices xc7a35t_0]
set_property FULL_PROBES.FILE {} [get_hw_devices xc7a35t_0]
set_property PROGRAM.FILE {C:/harman/_HARMAN Team Project/HarmanSA_June_TeamPJ/color_find/color_find.runs/impl_1/top_color_find.bit} [get_hw_devices xc7a35t_0]
program_hw_devices [get_hw_devices xc7a35t_0]
INFO: [Labtools 27-3164] End of startup status: HIGH
refresh_hw_device [lindex [get_hw_devices xc7a35t_0] 0]
INFO: [Labtools 27-1434] Device xc7a35t (JTAG device index = 0) is programmed with a design that has no supported debug core(s) in it.
reset_run synth_1
launch_runs impl_1 -to_step write_bitstream -jobs 16
[Fri Jun  6 18:03:05 2025] Launched synth_1...
Run output will be captured here: C:/harman/_HARMAN Team Project/HarmanSA_June_TeamPJ/color_find/color_find.runs/synth_1/runme.log
[Fri Jun  6 18:03:05 2025] Launched impl_1...
Run output will be captured here: C:/harman/_HARMAN Team Project/HarmanSA_June_TeamPJ/color_find/color_find.runs/impl_1/runme.log
set_property PROBES.FILE {} [get_hw_devices xc7a35t_0]
set_property FULL_PROBES.FILE {} [get_hw_devices xc7a35t_0]
set_property PROGRAM.FILE {C:/harman/_HARMAN Team Project/HarmanSA_June_TeamPJ/color_find/color_find.runs/impl_1/top_color_find.bit} [get_hw_devices xc7a35t_0]
program_hw_devices [get_hw_devices xc7a35t_0]
INFO: [Labtools 27-3164] End of startup status: HIGH
refresh_hw_device [lindex [get_hw_devices xc7a35t_0] 0]
INFO: [Labtools 27-1434] Device xc7a35t (JTAG device index = 0) is programmed with a design that has no supported debug core(s) in it.
reset_run synth_1
launch_runs impl_1 -to_step write_bitstream -jobs 16
[Fri Jun  6 18:06:03 2025] Launched synth_1...
Run output will be captured here: C:/harman/_HARMAN Team Project/HarmanSA_June_TeamPJ/color_find/color_find.runs/synth_1/runme.log
[Fri Jun  6 18:06:03 2025] Launched impl_1...
Run output will be captured here: C:/harman/_HARMAN Team Project/HarmanSA_June_TeamPJ/color_find/color_find.runs/impl_1/runme.log
reset_run synth_1
launch_runs impl_1 -to_step write_bitstream -jobs 16
[Fri Jun  6 18:11:31 2025] Launched synth_1...
Run output will be captured here: C:/harman/_HARMAN Team Project/HarmanSA_June_TeamPJ/color_find/color_find.runs/synth_1/runme.log
[Fri Jun  6 18:11:31 2025] Launched impl_1...
Run output will be captured here: C:/harman/_HARMAN Team Project/HarmanSA_June_TeamPJ/color_find/color_find.runs/impl_1/runme.log
set_property PROBES.FILE {} [get_hw_devices xc7a35t_0]
set_property FULL_PROBES.FILE {} [get_hw_devices xc7a35t_0]
set_property PROGRAM.FILE {C:/harman/_HARMAN Team Project/HarmanSA_June_TeamPJ/color_find/color_find.runs/impl_1/top_color_find.bit} [get_hw_devices xc7a35t_0]
program_hw_devices [get_hw_devices xc7a35t_0]
INFO: [Labtools 27-3164] End of startup status: HIGH
refresh_hw_device [lindex [get_hw_devices xc7a35t_0] 0]
INFO: [Labtools 27-1434] Device xc7a35t (JTAG device index = 0) is programmed with a design that has no supported debug core(s) in it.
synth_design -rtl -rtl_skip_mlo -name rtl_1
Command: synth_design -rtl -rtl_skip_mlo -name rtl_1
Starting synth_design
Using part: xc7a35tcpg236-1
Top: top_color_find
INFO: [Device 21-403] Loading part xc7a35tcpg236-1
---------------------------------------------------------------------------------
Starting RTL Elaboration : Time (s): cpu = 00:00:03 ; elapsed = 00:00:02 . Memory (MB): peak = 3156.957 ; gain = 251.754
---------------------------------------------------------------------------------
INFO: [Synth 8-6157] synthesizing module 'top_color_find' [C:/harman/_HARMAN Team Project/HarmanSA_June_TeamPJ/color_find/color_find.srcs/sources_1/new/top_color_find.sv:3]
INFO: [Synth 8-6157] synthesizing module 'SCCB_core' [C:/harman/_HARMAN Team Project/HarmanSA_June_TeamPJ/color_find/color_find.srcs/sources_1/imports/module_box/SCCB.sv:3]
INFO: [Synth 8-6157] synthesizing module 'tick_gen' [C:/harman/_HARMAN Team Project/HarmanSA_June_TeamPJ/color_find/color_find.srcs/sources_1/imports/module_box/SCCB.sv:511]
INFO: [Synth 8-6155] done synthesizing module 'tick_gen' (1#1) [C:/harman/_HARMAN Team Project/HarmanSA_June_TeamPJ/color_find/color_find.srcs/sources_1/imports/module_box/SCCB.sv:511]
INFO: [Synth 8-6157] synthesizing module 'btn_detector' [C:/harman/_HARMAN Team Project/HarmanSA_June_TeamPJ/color_find/color_find.srcs/sources_1/imports/module_box/SCCB.sv:539]
INFO: [Synth 8-6155] done synthesizing module 'btn_detector' (2#1) [C:/harman/_HARMAN Team Project/HarmanSA_June_TeamPJ/color_find/color_find.srcs/sources_1/imports/module_box/SCCB.sv:539]
INFO: [Synth 8-6157] synthesizing module 'SCCB_Controller' [C:/harman/_HARMAN Team Project/HarmanSA_June_TeamPJ/color_find/color_find.srcs/sources_1/imports/module_box/SCCB.sv:52]
INFO: [Synth 8-6157] synthesizing module 'OV7670_config_rom' [C:/harman/_HARMAN Team Project/HarmanSA_June_TeamPJ/color_find/color_find.srcs/sources_1/imports/module_box/SCCB.sv:369]
INFO: [Synth 8-6155] done synthesizing module 'OV7670_config_rom' (3#1) [C:/harman/_HARMAN Team Project/HarmanSA_June_TeamPJ/color_find/color_find.srcs/sources_1/imports/module_box/SCCB.sv:369]
INFO: [Synth 8-6155] done synthesizing module 'SCCB_Controller' (4#1) [C:/harman/_HARMAN Team Project/HarmanSA_June_TeamPJ/color_find/color_find.srcs/sources_1/imports/module_box/SCCB.sv:52]
INFO: [Synth 8-6157] synthesizing module 'SCCB' [C:/harman/_HARMAN Team Project/HarmanSA_June_TeamPJ/color_find/color_find.srcs/sources_1/imports/module_box/SCCB.sv:131]
	Parameter OV7670_ADDR_WRITE bound to: 8'b01000010 
	Parameter OV7670_ADDR_READ bound to: 8'b01000011 
INFO: [Synth 8-155] case statement is not full and has no default [C:/harman/_HARMAN Team Project/HarmanSA_June_TeamPJ/color_find/color_find.srcs/sources_1/imports/module_box/SCCB.sv:218]
INFO: [Synth 8-155] case statement is not full and has no default [C:/harman/_HARMAN Team Project/HarmanSA_June_TeamPJ/color_find/color_find.srcs/sources_1/imports/module_box/SCCB.sv:266]
INFO: [Synth 8-155] case statement is not full and has no default [C:/harman/_HARMAN Team Project/HarmanSA_June_TeamPJ/color_find/color_find.srcs/sources_1/imports/module_box/SCCB.sv:297]
INFO: [Synth 8-155] case statement is not full and has no default [C:/harman/_HARMAN Team Project/HarmanSA_June_TeamPJ/color_find/color_find.srcs/sources_1/imports/module_box/SCCB.sv:216]
INFO: [Synth 8-155] case statement is not full and has no default [C:/harman/_HARMAN Team Project/HarmanSA_June_TeamPJ/color_find/color_find.srcs/sources_1/imports/module_box/SCCB.sv:204]
INFO: [Synth 8-6155] done synthesizing module 'SCCB' (5#1) [C:/harman/_HARMAN Team Project/HarmanSA_June_TeamPJ/color_find/color_find.srcs/sources_1/imports/module_box/SCCB.sv:131]
INFO: [Synth 8-6155] done synthesizing module 'SCCB_core' (6#1) [C:/harman/_HARMAN Team Project/HarmanSA_June_TeamPJ/color_find/color_find.srcs/sources_1/imports/module_box/SCCB.sv:3]
INFO: [Synth 8-6157] synthesizing module 'OV7670_VGA_Display' [C:/harman/_HARMAN Team Project/HarmanSA_June_TeamPJ/color_find/color_find.srcs/sources_1/imports/CAM/OV7670_VGA_Display.sv:3]
INFO: [Synth 8-6157] synthesizing module 'VGA_Controller' [C:/harman/_HARMAN Team Project/HarmanSA_June_TeamPJ/color_find/color_find.srcs/sources_1/imports/CAM/VGA_Controller.sv:3]
INFO: [Synth 8-6157] synthesizing module 'pixel_clk_gen' [C:/harman/_HARMAN Team Project/HarmanSA_June_TeamPJ/color_find/color_find.srcs/sources_1/imports/CAM/VGA_Controller.sv:26]
INFO: [Synth 8-6155] done synthesizing module 'pixel_clk_gen' (7#1) [C:/harman/_HARMAN Team Project/HarmanSA_June_TeamPJ/color_find/color_find.srcs/sources_1/imports/CAM/VGA_Controller.sv:26]
INFO: [Synth 8-6157] synthesizing module 'pixel_counter' [C:/harman/_HARMAN Team Project/HarmanSA_June_TeamPJ/color_find/color_find.srcs/sources_1/imports/CAM/VGA_Controller.sv:50]
	Parameter H_MAX bound to: 800 - type: integer 
	Parameter V_MAX bound to: 525 - type: integer 
INFO: [Synth 8-6155] done synthesizing module 'pixel_counter' (8#1) [C:/harman/_HARMAN Team Project/HarmanSA_June_TeamPJ/color_find/color_find.srcs/sources_1/imports/CAM/VGA_Controller.sv:50]
INFO: [Synth 8-6157] synthesizing module 'VGA_decoder' [C:/harman/_HARMAN Team Project/HarmanSA_June_TeamPJ/color_find/color_find.srcs/sources_1/imports/CAM/VGA_Controller.sv:85]
	Parameter H_Visible_area bound to: 640 - type: integer 
	Parameter H_Front_porch bound to: 16 - type: integer 
	Parameter H_Sync_pulse bound to: 96 - type: integer 
	Parameter H_Back_porch bound to: 48 - type: integer 
	Parameter H_Whole_line bound to: 800 - type: integer 
	Parameter V_Visible_area bound to: 480 - type: integer 
	Parameter V_Front_porch bound to: 10 - type: integer 
	Parameter V_Sync_pulse bound to: 2 - type: integer 
	Parameter V_Back_porch bound to: 33 - type: integer 
	Parameter V_Whole_frame bound to: 525 - type: integer 
INFO: [Synth 8-6155] done synthesizing module 'VGA_decoder' (9#1) [C:/harman/_HARMAN Team Project/HarmanSA_June_TeamPJ/color_find/color_find.srcs/sources_1/imports/CAM/VGA_Controller.sv:85]
INFO: [Synth 8-6155] done synthesizing module 'VGA_Controller' (10#1) [C:/harman/_HARMAN Team Project/HarmanSA_June_TeamPJ/color_find/color_find.srcs/sources_1/imports/CAM/VGA_Controller.sv:3]
INFO: [Synth 8-6157] synthesizing module 'OV7670_MemController' [C:/harman/_HARMAN Team Project/HarmanSA_June_TeamPJ/color_find/color_find.srcs/sources_1/imports/CAM/OV7670_MemController.sv:3]
INFO: [Synth 8-6155] done synthesizing module 'OV7670_MemController' (11#1) [C:/harman/_HARMAN Team Project/HarmanSA_June_TeamPJ/color_find/color_find.srcs/sources_1/imports/CAM/OV7670_MemController.sv:3]
INFO: [Synth 8-6157] synthesizing module 'frame_buffer' [C:/harman/_HARMAN Team Project/HarmanSA_June_TeamPJ/color_find/color_find.srcs/sources_1/imports/CAM/frame_buffer.sv:3]
INFO: [Synth 8-6155] done synthesizing module 'frame_buffer' (12#1) [C:/harman/_HARMAN Team Project/HarmanSA_June_TeamPJ/color_find/color_find.srcs/sources_1/imports/CAM/frame_buffer.sv:3]
INFO: [Synth 8-6157] synthesizing module 'QVGA_MemController' [C:/harman/_HARMAN Team Project/HarmanSA_June_TeamPJ/color_find/color_find.srcs/sources_1/imports/CAM/QVGA_MemController.sv:3]
INFO: [Synth 8-6155] done synthesizing module 'QVGA_MemController' (13#1) [C:/harman/_HARMAN Team Project/HarmanSA_June_TeamPJ/color_find/color_find.srcs/sources_1/imports/CAM/QVGA_MemController.sv:3]
INFO: [Synth 8-6155] done synthesizing module 'OV7670_VGA_Display' (14#1) [C:/harman/_HARMAN Team Project/HarmanSA_June_TeamPJ/color_find/color_find.srcs/sources_1/imports/CAM/OV7670_VGA_Display.sv:3]
INFO: [Synth 8-6157] synthesizing module 'color_find' [C:/harman/_HARMAN Team Project/HarmanSA_June_TeamPJ/color_find/color_find.srcs/sources_1/new/color_find.sv:3]
INFO: [Synth 8-6155] done synthesizing module 'color_find' (15#1) [C:/harman/_HARMAN Team Project/HarmanSA_June_TeamPJ/color_find/color_find.srcs/sources_1/new/color_find.sv:3]
INFO: [Synth 8-6157] synthesizing module 'fnd_controller' [C:/harman/_HARMAN Team Project/HarmanSA_June_TeamPJ/color_find/color_find.srcs/sources_1/imports/CMD_Watch/fnd_controller.v:3]
	Parameter COUNT_100HZ bound to: 1000000 - type: integer 
INFO: [Synth 8-6157] synthesizing module 'clk_divider' [C:/harman/_HARMAN Team Project/HarmanSA_June_TeamPJ/color_find/color_find.srcs/sources_1/imports/CMD_Watch/fnd_controller.v:44]
	Parameter FCOUNT bound to: 10000 - type: integer 
INFO: [Synth 8-6155] done synthesizing module 'clk_divider' (16#1) [C:/harman/_HARMAN Team Project/HarmanSA_June_TeamPJ/color_find/color_find.srcs/sources_1/imports/CMD_Watch/fnd_controller.v:44]
INFO: [Synth 8-6157] synthesizing module 'counter_4' [C:/harman/_HARMAN Team Project/HarmanSA_June_TeamPJ/color_find/color_find.srcs/sources_1/imports/CMD_Watch/fnd_controller.v:74]
INFO: [Synth 8-6155] done synthesizing module 'counter_4' (17#1) [C:/harman/_HARMAN Team Project/HarmanSA_June_TeamPJ/color_find/color_find.srcs/sources_1/imports/CMD_Watch/fnd_controller.v:74]
WARNING: [Synth 8-689] width (3) of port connection 'o_sel' does not match port width (2) of module 'counter_4' [C:/harman/_HARMAN Team Project/HarmanSA_June_TeamPJ/color_find/color_find.srcs/sources_1/imports/CMD_Watch/fnd_controller.v:27]
INFO: [Synth 8-6157] synthesizing module 'segPlacer' [C:/harman/_HARMAN Team Project/HarmanSA_June_TeamPJ/color_find/color_find.srcs/sources_1/imports/CMD_Watch/fnd_controller.v:92]
WARNING: [Synth 8-567] referenced signal 'bcd32' should be on the sensitivity list [C:/harman/_HARMAN Team Project/HarmanSA_June_TeamPJ/color_find/color_find.srcs/sources_1/imports/CMD_Watch/fnd_controller.v:100]
INFO: [Synth 8-6155] done synthesizing module 'segPlacer' (18#1) [C:/harman/_HARMAN Team Project/HarmanSA_June_TeamPJ/color_find/color_find.srcs/sources_1/imports/CMD_Watch/fnd_controller.v:92]
WARNING: [Synth 8-689] width (3) of port connection 'seg_sel' does not match port width (2) of module 'segPlacer' [C:/harman/_HARMAN Team Project/HarmanSA_June_TeamPJ/color_find/color_find.srcs/sources_1/imports/CMD_Watch/fnd_controller.v:31]
INFO: [Synth 8-6157] synthesizing module 'bcdtoseg' [C:/harman/_HARMAN Team Project/HarmanSA_June_TeamPJ/color_find/color_find.srcs/sources_1/imports/CMD_Watch/fnd_controller.v:123]
INFO: [Synth 8-226] default block is never used [C:/harman/_HARMAN Team Project/HarmanSA_June_TeamPJ/color_find/color_find.srcs/sources_1/imports/CMD_Watch/fnd_controller.v:129]
INFO: [Synth 8-6155] done synthesizing module 'bcdtoseg' (19#1) [C:/harman/_HARMAN Team Project/HarmanSA_June_TeamPJ/color_find/color_find.srcs/sources_1/imports/CMD_Watch/fnd_controller.v:123]
WARNING: [Synth 8-689] width (8) of port connection 'bcd' does not match port width (4) of module 'bcdtoseg' [C:/harman/_HARMAN Team Project/HarmanSA_June_TeamPJ/color_find/color_find.srcs/sources_1/imports/CMD_Watch/fnd_controller.v:38]
INFO: [Synth 8-6155] done synthesizing module 'fnd_controller' (20#1) [C:/harman/_HARMAN Team Project/HarmanSA_June_TeamPJ/color_find/color_find.srcs/sources_1/imports/CMD_Watch/fnd_controller.v:3]
INFO: [Synth 8-6155] done synthesizing module 'top_color_find' (21#1) [C:/harman/_HARMAN Team Project/HarmanSA_June_TeamPJ/color_find/color_find.srcs/sources_1/new/top_color_find.sv:3]
---------------------------------------------------------------------------------
Finished RTL Elaboration : Time (s): cpu = 00:00:03 ; elapsed = 00:00:03 . Memory (MB): peak = 3234.184 ; gain = 328.980
---------------------------------------------------------------------------------
---------------------------------------------------------------------------------
Start Handling Custom Attributes
---------------------------------------------------------------------------------
---------------------------------------------------------------------------------
Finished Handling Custom Attributes : Time (s): cpu = 00:00:04 ; elapsed = 00:00:04 . Memory (MB): peak = 3234.184 ; gain = 328.980
---------------------------------------------------------------------------------
---------------------------------------------------------------------------------
Finished RTL Optimization Phase 1 : Time (s): cpu = 00:00:04 ; elapsed = 00:00:04 . Memory (MB): peak = 3234.184 ; gain = 328.980
---------------------------------------------------------------------------------
Netlist sorting complete. Time (s): cpu = 00:00:00 ; elapsed = 00:00:00.006 . Memory (MB): peak = 3234.184 ; gain = 0.000
INFO: [Project 1-570] Preparing netlist for logic optimization

Processing XDC Constraints
Initializing timing engine
Parsing XDC File [C:/harman/_HARMAN Team Project/HarmanSA_June_TeamPJ/color_find/color_find.srcs/constrs_1/imports/VGA_Harman/Basys-3-Master.xdc]
Finished Parsing XDC File [C:/harman/_HARMAN Team Project/HarmanSA_June_TeamPJ/color_find/color_find.srcs/constrs_1/imports/VGA_Harman/Basys-3-Master.xdc]
Completed Processing XDC Constraints

Netlist sorting complete. Time (s): cpu = 00:00:00 ; elapsed = 00:00:00.001 . Memory (MB): peak = 3338.285 ; gain = 0.000
INFO: [Project 1-111] Unisim Transformation Summary:
No Unisim elements were transformed.

RTL Elaboration Complete:  : Time (s): cpu = 00:00:13 ; elapsed = 00:00:07 . Memory (MB): peak = 3475.000 ; gain = 569.797
51 Infos, 4 Warnings, 0 Critical Warnings and 0 Errors encountered.
synth_design completed successfully
synth_design: Time (s): cpu = 00:00:18 ; elapsed = 00:00:16 . Memory (MB): peak = 3475.000 ; gain = 844.574
ERROR: [Labtoolstcl 44-513] HW Target shutdown. Closing target: localhost:3121/xilinx_tcf/Digilent/210183B9AA55A
INFO: [Labtoolstcl 44-466] Opening hw_target localhost:3121/xilinx_tcf/Digilent/210183B9AA55A
INFO: [Labtools 27-1434] Device xc7a35t (JTAG device index = 0) is programmed with a design that has no supported debug core(s) in it.
WARNING: [Labtoolstcl 44-129] No matching hw_ila_data was found.
ERROR: [Labtoolstcl 44-513] HW Target shutdown. Closing target: localhost:3121/xilinx_tcf/Digilent/210183B9AA55A
INFO: [Labtoolstcl 44-466] Opening hw_target localhost:3121/xilinx_tcf/Digilent/210183B9AA55A
INFO: [Labtools 27-1434] Device xc7a35t (JTAG device index = 0) is programmed with a design that has no supported debug core(s) in it.
WARNING: [Labtoolstcl 44-129] No matching hw_ila_data was found.
reset_run impl_1 -prev_step 
launch_runs impl_1 -to_step write_bitstream -jobs 16
[Fri Jun  6 20:32:04 2025] Launched impl_1...
Run output will be captured here: C:/harman/_HARMAN Team Project/HarmanSA_June_TeamPJ/color_find/color_find.runs/impl_1/runme.log
reset_run impl_1 -prev_step 
WARNING: [Vivado 12-1017] Problems encountered:
1. PID not specified

ERROR: [Labtoolstcl 44-513] HW Target shutdown. Closing target: localhost:3121/xilinx_tcf/Digilent/210183B9AA55A
INFO: [Labtoolstcl 44-466] Opening hw_target localhost:3121/xilinx_tcf/Digilent/210183B9AA55A
INFO: [Labtools 27-1434] Device xc7a35t (JTAG device index = 0) is programmed with a design that has no supported debug core(s) in it.
WARNING: [Labtoolstcl 44-129] No matching hw_ila_data was found.
ERROR: [Labtoolstcl 44-513] HW Target shutdown. Closing target: localhost:3121/xilinx_tcf/Digilent/210183B9AA55A
INFO: [Labtoolstcl 44-466] Opening hw_target localhost:3121/xilinx_tcf/Digilent/210183B9AA55A
INFO: [Labtools 27-1434] Device xc7a35t (JTAG device index = 0) is programmed with a design that has no supported debug core(s) in it.
WARNING: [Labtoolstcl 44-129] No matching hw_ila_data was found.
ERROR: [Labtoolstcl 44-513] HW Target shutdown. Closing target: localhost:3121/xilinx_tcf/Digilent/210183B9AA55A
INFO: [Labtoolstcl 44-466] Opening hw_target localhost:3121/xilinx_tcf/Digilent/210183B9AA55A
INFO: [Labtools 27-1434] Device xc7a35t (JTAG device index = 0) is programmed with a design that has no supported debug core(s) in it.
WARNING: [Labtoolstcl 44-129] No matching hw_ila_data was found.
exit
INFO: [Common 17-206] Exiting Vivado at Fri Jun  6 21:50:45 2025...
