Copyright 1986-2020 Xilinx, Inc. All Rights Reserved.
-------------------------------------------------------------------------------------------
| Tool Version : Vivado v.2020.2 (win64) Build 3064766 Wed Nov 18 09:12:45 MST 2020
| Date         : Wed Jun  4 19:36:14 2025
| Host         : korchamHoyoun24 running 64-bit major release  (build 9200)
| Command      : report_control_sets -verbose -file top_color_find_control_sets_placed.rpt
| Design       : top_color_find
| Device       : xc7a35t
-------------------------------------------------------------------------------------------

Control Set Information

Table of Contents
-----------------
1. Summary
2. Histogram
3. Flip-Flop Distribution
4. Detailed Control Set Information

1. Summary
----------

+----------------------------------------------------------+-------+
|                          Status                          | Count |
+----------------------------------------------------------+-------+
| Total control sets                                       |    22 |
|    Minimum number of control sets                        |    22 |
|    Addition due to synthesis replication                 |     0 |
|    Addition due to physical synthesis replication        |     0 |
| Unused register locations in slices containing registers |    62 |
+----------------------------------------------------------+-------+
* Control sets can be merged at opt_design using control_set_merge or merge_equivalent_drivers
** Run report_qor_suggestions for automated merging and remapping suggestions


2. Histogram
------------

+--------------------+-------+
|       Fanout       | Count |
+--------------------+-------+
| Total control sets |    22 |
| >= 0 to < 4        |     3 |
| >= 4 to < 6        |     3 |
| >= 6 to < 8        |     2 |
| >= 8 to < 10       |     2 |
| >= 10 to < 12      |     2 |
| >= 12 to < 14      |     1 |
| >= 14 to < 16      |     0 |
| >= 16              |     9 |
+--------------------+-------+
* Control sets can be remapped at either synth_design or opt_design


3. Flip-Flop Distribution
-------------------------

+--------------+-----------------------+------------------------+-----------------+--------------+
| Clock Enable | Synchronous Set/Reset | Asynchronous Set/Reset | Total Registers | Total Slices |
+--------------+-----------------------+------------------------+-----------------+--------------+
| No           | No                    | No                     |               6 |            4 |
| No           | No                    | Yes                    |             102 |           35 |
| No           | Yes                   | No                     |               0 |            0 |
| Yes          | No                    | No                     |               0 |            0 |
| Yes          | No                    | Yes                    |             222 |           62 |
| Yes          | Yes                   | No                     |               0 |            0 |
+--------------+-----------------------+------------------------+-----------------+--------------+


4. Detailed Control Set Information
-----------------------------------

+---------------------------------------------------------+--------------------------------------------------------------+------------------+------------------+----------------+--------------+
|                       Clock Signal                      |                         Enable Signal                        | Set/Reset Signal | Slice Load Count | Bel Load Count | Bels / Slice |
+---------------------------------------------------------+--------------------------------------------------------------+------------------+------------------+----------------+--------------+
|  clk_IBUF_BUFG                                          | u_OV7670_Init/U_btn_detector/tick_reg_n_0                    | reset_IBUF       |                1 |              1 |         1.00 |
|  tick                                                   |                                                              |                  |                1 |              1 |         1.00 |
|  u_fnd_controller/U_Clk_Divider/CLK                     |                                                              | reset_IBUF       |                1 |              2 |         2.00 |
|  tick                                                   | u_OV7670_Init/U_SCCB_Controller/FSM_onehot_state[3]_i_1_n_0  | reset_IBUF       |                2 |              4 |         2.00 |
|  clk_IBUF_BUFG                                          |                                                              |                  |                3 |              5 |         1.67 |
|  ov7670_pclk_IBUF_BUFG                                  | u_OV7670_VGA_Display/U_OV7670_MemController/we_i_1_n_0       | reset_IBUF       |                4 |              5 |         1.25 |
|  tick                                                   | u_OV7670_Init/U_SCCB_Controller/wait_count_0                 | reset_IBUF       |                2 |              7 |         3.50 |
|  ov7670_pclk_IBUF_BUFG                                  | u_OV7670_VGA_Display/U_OV7670_MemController/pix_data[15]     | reset_IBUF       |                4 |              7 |         1.75 |
|  tick                                                   | u_OV7670_Init/U_SCCB_Controller/rom_addr_1                   | reset_IBUF       |                2 |              8 |         4.00 |
|  ov7670_pclk_IBUF_BUFG                                  | u_OV7670_VGA_Display/U_OV7670_MemController/v_counter0       | reset_IBUF       |                2 |              8 |         4.00 |
|  u_OV7670_VGA_Display/U_VGAController/U_Pix_Clk_gen/CLK |                                                              | reset_IBUF       |                3 |             10 |         3.33 |
|  u_OV7670_VGA_Display/U_VGAController/U_Pix_Clk_gen/CLK | u_OV7670_VGA_Display/U_VGAController/U_Pix_counter/v_counter | reset_IBUF       |                3 |             10 |         3.33 |
|  clk_IBUF_BUFG                                          | u_OV7670_Init/U_btn_detector/start_reg_i_1_n_0               | reset_IBUF       |                3 |             12 |         4.00 |
|  tick                                                   | u_OV7670_Init/U_SCCB_Controller/E[0]                         | reset_IBUF       |                3 |             16 |         5.33 |
|  tick                                                   | u_OV7670_Init/U_SCCB_Controller/FSM_onehot_state_reg_n_0_[1] | reset_IBUF       |                4 |             16 |         4.00 |
|  tick                                                   |                                                              | reset_IBUF       |                6 |             18 |         3.00 |
|  ov7670_pclk_IBUF_BUFG                                  |                                                              | reset_IBUF       |                8 |             19 |         2.38 |
|  clk_IBUF_BUFG                                          | u_OV7670_VGA_Display/U_Frame_Buffer/target1_U_count          | reset_IBUF       |                8 |             32 |         4.00 |
|  clk_IBUF_BUFG                                          | u_OV7670_VGA_Display/U_Frame_Buffer/target1_D_count          | reset_IBUF       |                8 |             32 |         4.00 |
|  clk_IBUF_BUFG                                          | u_OV7670_VGA_Display/U_Frame_Buffer/target0_U_count          | reset_IBUF       |                8 |             32 |         4.00 |
|  clk_IBUF_BUFG                                          | u_OV7670_VGA_Display/U_Frame_Buffer/target0_D_count          | reset_IBUF       |                8 |             32 |         4.00 |
|  clk_IBUF_BUFG                                          |                                                              | reset_IBUF       |               17 |             53 |         3.12 |
+---------------------------------------------------------+--------------------------------------------------------------+------------------+------------------+----------------+--------------+


