Copyright 1986-2020 Xilinx, Inc. All Rights Reserved.
----------------------------------------------------------------------------------------------------------------------------------------------------------
| Tool Version     : Vivado v.2020.2 (win64) Build 3064766 Wed Nov 18 09:12:45 MST 2020
| Date             : Thu Jun  5 15:07:31 2025
| Host             : korchamHoyoun24 running 64-bit major release  (build 9200)
| Command          : report_power -file top_FlagGame_power_routed.rpt -pb top_FlagGame_power_summary_routed.pb -rpx top_FlagGame_power_routed.rpx
| Design           : top_FlagGame
| Device           : xc7a35tcpg236-1
| Design State     : routed
| Grade            : commercial
| Process          : typical
| Characterization : Production
----------------------------------------------------------------------------------------------------------------------------------------------------------

Power Report

Table of Contents
-----------------
1. Summary
1.1 On-Chip Components
1.2 Power Supply Summary
1.3 Confidence Level
2. Settings
2.1 Environment
2.2 Clock Constraints
3. Detailed Reports
3.1 By Hierarchy

1. Summary
----------

+--------------------------+--------------+
| Total On-Chip Power (W)  | 5.522        |
| Design Power Budget (W)  | Unspecified* |
| Power Budget Margin (W)  | NA           |
| Dynamic (W)              | 5.427        |
| Device Static (W)        | 0.095        |
| Effective TJA (C/W)      | 5.0          |
| Max Ambient (C)          | 57.4         |
| Junction Temperature (C) | 52.6         |
| Confidence Level         | Low          |
| Setting File             | ---          |
| Simulation Activity File | ---          |
| Design Nets Matched      | NA           |
+--------------------------+--------------+
* Specify Design Power Budget using, set_operating_conditions -design_power_budget <value in Watts>


1.1 On-Chip Components
----------------------

+----------------+-----------+----------+-----------+-----------------+
| On-Chip        | Power (W) | Used     | Available | Utilization (%) |
+----------------+-----------+----------+-----------+-----------------+
| Slice Logic    |     0.890 |      514 |       --- |             --- |
|   LUT as Logic |     0.800 |      242 |     20800 |            1.16 |
|   Register     |     0.048 |      178 |     41600 |            0.43 |
|   CARRY4       |     0.030 |       13 |      8150 |            0.16 |
|   BUFG         |     0.012 |        3 |        32 |            9.38 |
|   Others       |     0.000 |       24 |       --- |             --- |
|   F7/F8 Muxes  |     0.000 |        2 |     32600 |           <0.01 |
| Signals        |     1.530 |      487 |       --- |             --- |
| Block RAM      |     0.342 |     36.5 |        50 |           73.00 |
| DSPs           |     0.333 |        1 |        90 |            1.11 |
| I/O            |     2.331 |       31 |       106 |           29.25 |
| Static Power   |     0.095 |          |           |                 |
| Total          |     5.522 |          |           |                 |
+----------------+-----------+----------+-----------+-----------------+


1.2 Power Supply Summary
------------------------

+-----------+-------------+-----------+-------------+------------+-------------+-------------+------------+
| Source    | Voltage (V) | Total (A) | Dynamic (A) | Static (A) | Powerup (A) | Budget (A)  | Margin (A) |
+-----------+-------------+-----------+-------------+------------+-------------+-------------+------------+
| Vccint    |       1.000 |     3.146 |       3.117 |      0.029 |       NA    | Unspecified | NA         |
| Vccaux    |       1.800 |     0.201 |       0.187 |      0.014 |       NA    | Unspecified | NA         |
| Vcco33    |       3.300 |     0.000 |       0.000 |      0.000 |       NA    | Unspecified | NA         |
| Vcco25    |       2.500 |     0.000 |       0.000 |      0.000 |       NA    | Unspecified | NA         |
| Vcco18    |       1.800 |     1.080 |       1.079 |      0.001 |       NA    | Unspecified | NA         |
| Vcco15    |       1.500 |     0.000 |       0.000 |      0.000 |       NA    | Unspecified | NA         |
| Vcco135   |       1.350 |     0.000 |       0.000 |      0.000 |       NA    | Unspecified | NA         |
| Vcco12    |       1.200 |     0.000 |       0.000 |      0.000 |       NA    | Unspecified | NA         |
| Vccaux_io |       1.800 |     0.000 |       0.000 |      0.000 |       NA    | Unspecified | NA         |
| Vccbram   |       1.000 |     0.033 |       0.031 |      0.002 |       NA    | Unspecified | NA         |
| MGTAVcc   |       1.000 |     0.000 |       0.000 |      0.000 |       NA    | Unspecified | NA         |
| MGTAVtt   |       1.200 |     0.000 |       0.000 |      0.000 |       NA    | Unspecified | NA         |
| Vccadc    |       1.800 |     0.020 |       0.000 |      0.020 |       NA    | Unspecified | NA         |
+-----------+-------------+-----------+-------------+------------+-------------+-------------+------------+


1.3 Confidence Level
--------------------

+-----------------------------+------------+--------------------------------------------------------+--------------------------------------------------------------------------------------------------------------------+
| User Input Data             | Confidence | Details                                                | Action                                                                                                             |
+-----------------------------+------------+--------------------------------------------------------+--------------------------------------------------------------------------------------------------------------------+
| Design implementation state | High       | Design is routed                                       |                                                                                                                    |
| Clock nodes activity        | Low        | User specified less than 75% of clocks                 | Provide missing clock activity with a constraint file, simulation results or by editing the "By Clock Domain" view |
| I/O nodes activity          | Low        | More than 75% of inputs are missing user specification | Provide missing input activity with simulation results or by editing the "By Resource Type -> I/Os" view           |
| Internal nodes activity     | Medium     | User specified less than 25% of internal nodes         | Provide missing internal nodes activity with simulation results or by editing the "By Resource Type" views         |
| Device models               | High       | Device models are Production                           |                                                                                                                    |
|                             |            |                                                        |                                                                                                                    |
| Overall confidence level    | Low        |                                                        |                                                                                                                    |
+-----------------------------+------------+--------------------------------------------------------+--------------------------------------------------------------------------------------------------------------------+


2. Settings
-----------

2.1 Environment
---------------

+-----------------------+--------------------------+
| Ambient Temp (C)      | 25.0                     |
| ThetaJA (C/W)         | 5.0                      |
| Airflow (LFM)         | 250                      |
| Heat Sink             | medium (Medium Profile)  |
| ThetaSA (C/W)         | 4.6                      |
| Board Selection       | medium (10"x10")         |
| # of Board Layers     | 12to15 (12 to 15 Layers) |
| Board Temperature (C) | 25.0                     |
+-----------------------+--------------------------+


2.2 Clock Constraints
---------------------

+-------+--------+-----------------+
| Clock | Domain | Constraint (ns) |
+-------+--------+-----------------+


3. Detailed Reports
-------------------

3.1 By Hierarchy
----------------

+----------------------------+-----------+
| Name                       | Power (W) |
+----------------------------+-----------+
| top_FlagGame               |     5.427 |
|   u_OV7670_SCCB_core       |     0.882 |
|     U_SCCB                 |     0.383 |
|     U_SCCB_Controller      |     0.020 |
|     U_btn_detector         |     0.359 |
|     U_tick_gen_            |     0.119 |
|   u_OV7670_VGA_Display     |     2.077 |
|     U_Frame_Buffer         |     0.521 |
|     U_OV7670_Clk_Gen       |     0.054 |
|     U_OV7670_MemController |     0.823 |
|     U_QVGA_MemController   |     0.372 |
|     U_VGAController        |     0.307 |
|       U_Pix_Clk_gen        |     0.058 |
|       U_Pix_counter        |     0.249 |
+----------------------------+-----------+


