Copyright 1986-2020 Xilinx, Inc. All Rights Reserved.
--------------------------------------------------------------------------------------------
| Tool Version : Vivado v.2020.2 (win64) Build 3064766 Wed Nov 18 09:12:45 MST 2020
| Date         : Wed Jun 11 11:30:46 2025
| Host         : PKLT running 64-bit major release  (build 9200)
| Command      : report_control_sets -verbose -file top_hand_signal_control_sets_placed.rpt
| Design       : top_hand_signal
| Device       : xc7a35t
--------------------------------------------------------------------------------------------

Control Set Information

Table of Contents
-----------------
1. Summary
2. Histogram
3. Flip-Flop Distribution
4. Detailed Control Set Information

1. Summary
----------

+----------------------------------------------------------+-------+
|                          Status                          | Count |
+----------------------------------------------------------+-------+
| Total control sets                                       |    41 |
|    Minimum number of control sets                        |    41 |
|    Addition due to synthesis replication                 |     0 |
|    Addition due to physical synthesis replication        |     0 |
| Unused register locations in slices containing registers |    94 |
+----------------------------------------------------------+-------+
* Control sets can be merged at opt_design using control_set_merge or merge_equivalent_drivers
** Run report_qor_suggestions for automated merging and remapping suggestions


2. Histogram
------------

+--------------------+-------+
|       Fanout       | Count |
+--------------------+-------+
| Total control sets |    41 |
| >= 0 to < 4        |     4 |
| >= 4 to < 6        |     6 |
| >= 6 to < 8        |     2 |
| >= 8 to < 10       |     4 |
| >= 10 to < 12      |     2 |
| >= 12 to < 14      |     1 |
| >= 14 to < 16      |     0 |
| >= 16              |    22 |
+--------------------+-------+
* Control sets can be remapped at either synth_design or opt_design


3. Flip-Flop Distribution
-------------------------

+--------------+-----------------------+------------------------+-----------------+--------------+
| Clock Enable | Synchronous Set/Reset | Asynchronous Set/Reset | Total Registers | Total Slices |
+--------------+-----------------------+------------------------+-----------------+--------------+
| No           | No                    | No                     |               7 |            6 |
| No           | No                    | Yes                    |              95 |           36 |
| No           | Yes                   | No                     |               0 |            0 |
| Yes          | No                    | No                     |               0 |            0 |
| Yes          | No                    | Yes                    |             692 |          236 |
| Yes          | Yes                   | No                     |               0 |            0 |
+--------------+-----------------------+------------------------+-----------------+--------------+


4. Detailed Control Set Information
-----------------------------------

+---------------------------------------------------------------------------+--------------------------------------------------------------------------+------------------+------------------+----------------+--------------+
|                                Clock Signal                               |                               Enable Signal                              | Set/Reset Signal | Slice Load Count | Bel Load Count | Bels / Slice |
+---------------------------------------------------------------------------+--------------------------------------------------------------------------+------------------+------------------+----------------+--------------+
|  tick                                                                     | u_SCCB_core/U_SCCB/scl_reg_i_1_n_0                                       | reset_IBUF       |                1 |              1 |         1.00 |
|  tick                                                                     |                                                                          |                  |                1 |              1 |         1.00 |
|  clk_IBUF_BUFG                                                            | u_SCCB_core/U_btn_detector/tick_reg_n_0                                  | reset_IBUF       |                1 |              1 |         1.00 |
|  clk_IBUF_BUFG                                                            |                                                                          |                  |                1 |              2 |         2.00 |
|  u_OV7670_VGA_Display/U_VGAController/U_Pix_counter/h_counter_reg[9]_1[0] |                                                                          |                  |                4 |              4 |         1.00 |
|  clk_IBUF_BUFG                                                            | u_OV7670_VGA_Display/U_VGAController/U_Pix_counter/E[0]                  | reset_IBUF       |                2 |              4 |         2.00 |
|  clk_IBUF_BUFG                                                            | u_OV7670_VGA_Display/U_VGAController/U_Pix_counter/v_counter_reg[6]_2[0] | reset_IBUF       |                1 |              4 |         4.00 |
|  tick                                                                     | u_SCCB_core/U_SCCB/state[3]_i_1_n_0                                      | reset_IBUF       |                2 |              4 |         2.00 |
|  tick                                                                     | u_SCCB_core/U_SCCB_Controller/FSM_onehot_state[3]_i_1_n_0                | reset_IBUF       |                1 |              4 |         4.00 |
|  ov7670_pclk_IBUF_BUFG                                                    | u_OV7670_VGA_Display/U_OV7670_MemController/pix_data[7]                  | reset_IBUF       |                2 |              5 |         2.50 |
|  tick                                                                     | u_SCCB_core/U_SCCB_Controller/wait_count_0                               | reset_IBUF       |                3 |              7 |         2.33 |
|  ov7670_pclk_IBUF_BUFG                                                    | u_OV7670_VGA_Display/U_OV7670_MemController/pix_data[15]                 | reset_IBUF       |                2 |              7 |         3.50 |
|  tick                                                                     | u_SCCB_core/U_SCCB_Controller/rom_addr_1                                 | reset_IBUF       |                2 |              8 |         4.00 |
|  ov7670_pclk_IBUF_BUFG                                                    | u_OV7670_VGA_Display/U_OV7670_MemController/v_counter0                   | reset_IBUF       |                3 |              8 |         2.67 |
|  clk_IBUF_BUFG                                                            | u_OV7670_VGA_Display/U_VGAController/U_Pix_counter/v_counter_reg[4]_0[0] | reset_IBUF       |                2 |              8 |         4.00 |
|  tick                                                                     |                                                                          | reset_IBUF       |                5 |              9 |         1.80 |
|  u_OV7670_VGA_Display/U_VGAController/U_Pix_Clk_gen/CLK                   |                                                                          | reset_IBUF       |                5 |             10 |         2.00 |
|  u_OV7670_VGA_Display/U_VGAController/U_Pix_Clk_gen/CLK                   | u_OV7670_VGA_Display/U_VGAController/U_Pix_counter/v_counter             | reset_IBUF       |                5 |             10 |         2.00 |
|  clk_IBUF_BUFG                                                            | u_SCCB_core/U_btn_detector/start_reg_i_1_n_0                             | reset_IBUF       |                3 |             12 |         4.00 |
|  tick                                                                     | u_SCCB_core/U_SCCB_Controller/FSM_onehot_state_reg_n_0_[1]               | reset_IBUF       |                3 |             16 |         5.33 |
|  tick                                                                     | u_SCCB_core/U_SCCB/shifter[17]_i_1_n_0                                   | reset_IBUF       |                4 |             17 |         4.25 |
|  ov7670_pclk_IBUF_BUFG                                                    |                                                                          | reset_IBUF       |                6 |             18 |         3.00 |
|  clk_IBUF_BUFG                                                            | u_AreaSel/v_counter_reg[6]_12[0]                                         | reset_IBUF       |                9 |             32 |         3.56 |
|  clk_IBUF_BUFG                                                            | u_AreaSel/v_counter_reg[6]_8[0]                                          | reset_IBUF       |               10 |             32 |         3.20 |
|  clk_IBUF_BUFG                                                            | u_AreaSel/v_counter_reg[6]_9[0]                                          | reset_IBUF       |                9 |             32 |         3.56 |
|  clk_IBUF_BUFG                                                            | u_AreaSel/v_counter_reg[6]_6[0]                                          | reset_IBUF       |                8 |             32 |         4.00 |
|  clk_IBUF_BUFG                                                            | u_AreaSel/v_counter_reg[6]_3[0]                                          | reset_IBUF       |                8 |             32 |         4.00 |
|  clk_IBUF_BUFG                                                            | u_AreaSel/v_counter_reg[6]_5[0]                                          | reset_IBUF       |               13 |             32 |         2.46 |
|  clk_IBUF_BUFG                                                            | u_AreaSel/v_counter_reg[6]_13[0]                                         | reset_IBUF       |               12 |             32 |         2.67 |
|  clk_IBUF_BUFG                                                            | u_AreaSel/v_counter_reg[6]_2[0]                                          | reset_IBUF       |               18 |             32 |         1.78 |
|  clk_IBUF_BUFG                                                            | u_AreaSel/v_counter_reg[6]_7[0]                                          | reset_IBUF       |               19 |             32 |         1.68 |
|  clk_IBUF_BUFG                                                            | u_AreaSel/v_counter_reg[6]_1[0]                                          | reset_IBUF       |                5 |             32 |         6.40 |
|  clk_IBUF_BUFG                                                            | u_AreaSel/v_counter_reg[6][0]                                            | reset_IBUF       |               14 |             32 |         2.29 |
|  clk_IBUF_BUFG                                                            | u_AreaSel/v_counter_reg[6]_10[0]                                         | reset_IBUF       |               17 |             32 |         1.88 |
|  clk_IBUF_BUFG                                                            | u_AreaSel/v_counter_reg[6]_4[0]                                          | reset_IBUF       |                6 |             32 |         5.33 |
|  clk_IBUF_BUFG                                                            | u_AreaSel/v_counter_reg[6]_0[0]                                          | reset_IBUF       |                8 |             32 |         4.00 |
|  clk_IBUF_BUFG                                                            | u_AreaSel/v_counter_reg[6]_11[0]                                         | reset_IBUF       |               13 |             32 |         2.46 |
|  clk_IBUF_BUFG                                                            | u_OV7670_VGA_Display/U_VGAController/U_Pix_counter/v_counter_reg[6]_3[0] | reset_IBUF       |               11 |             32 |         2.91 |
|  clk_IBUF_BUFG                                                            | u_OV7670_VGA_Display/U_VGAController/U_Pix_counter/v_counter_reg[6]_1[0] | reset_IBUF       |               11 |             32 |         2.91 |
|  clk_IBUF_BUFG                                                            | u_AreaSel/E[0]                                                           | reset_IBUF       |                8 |             32 |         4.00 |
|  clk_IBUF_BUFG                                                            |                                                                          | reset_IBUF       |               20 |             58 |         2.90 |
+---------------------------------------------------------------------------+--------------------------------------------------------------------------+------------------+------------------+----------------+--------------+


