#-----------------------------------------------------------
# Vivado v2020.2 (64-bit)
# SW Build 3064766 on Wed Nov 18 09:12:45 MST 2020
# IP Build 3064653 on Wed Nov 18 14:17:31 MST 2020
# Start of session at: Wed Jun  4 10:26:39 2025
# Process ID: 38560
# Current directory: C:/harman/_HARMAN Team Project/HarmanSA_June_TeamPJ/CAM
# Command line: vivado.exe -gui_launcher_event rodinguilauncherevent39388 C:\harman\_HARMAN Team Project\HarmanSA_June_TeamPJ\CAM\CAM.xpr
# Log file: C:/harman/_HARMAN Team Project/HarmanSA_June_TeamPJ/CAM/vivado.log
# Journal file: C:/harman/_HARMAN Team Project/HarmanSA_June_TeamPJ/CAM\vivado.jou
#-----------------------------------------------------------
start_gui
open_project {C:/harman/_HARMAN Team Project/HarmanSA_June_TeamPJ/CAM/CAM.xpr}
INFO: [Project 1-313] Project file moved from 'C:/harman/fpga-VGA/CAM' since last save.
INFO: [filemgmt 56-1] Board Part Repository Path: Directory not found as 'C:/harman/Users/kccistc/AppData/Roaming/Xilinx/Vivado/2020.2/xhub/board_store/xilinx_board_store'; using path 'C:/Users/kccistc/AppData/Roaming/Xilinx/Vivado/2020.2/xhub/board_store/xilinx_board_store' instead.
WARNING: [filemgmt 56-2] Default IP Output Path : Could not find the directory 'C:/harman/_HARMAN Team Project/HarmanSA_June_TeamPJ/CAM/CAM.gen/sources_1', nor could it be found using path 'C:/harman/fpga-VGA/CAM/CAM.gen/sources_1'.
Scanning sources...
Finished scanning sources
INFO: [IP_Flow 19-234] Refreshing IP repositories
INFO: [IP_Flow 19-1704] No user IP repositories specified
INFO: [IP_Flow 19-2313] Loaded Vivado IP repository 'C:/Xilinx/Vivado/2020.2/data/ip'.
file mkdir C:/harman/_HARMAN Team Project/HarmanSA_June_TeamPJ/CAM/CAM.srcs/sources_1/new
file mkdir C:/harman/_HARMAN Team Project/HarmanSA_June_TeamPJ/CAM/CAM.srcs/sources_1/new
file mkdir C:/harman/_HARMAN Team Project/HarmanSA_June_TeamPJ/CAM/CAM.srcs/sources_1/new
file mkdir C:/harman/_HARMAN Team Project/HarmanSA_June_TeamPJ/CAM/CAM.srcs/sources_1/new
file mkdir C:/harman/_HARMAN Team Project/HarmanSA_June_TeamPJ/CAM/CAM.srcs/sources_1/new
file mkdir C:/harman/_HARMAN Team Project/HarmanSA_June_TeamPJ/CAM/CAM.srcs/sources_1/new
file mkdir {C:/harman/_HARMAN Team Project/HarmanSA_June_TeamPJ/CAM/CAM.srcs/sources_1/new}
close [ open {C:/harman/_HARMAN Team Project/HarmanSA_June_TeamPJ/CAM/CAM.srcs/sources_1/new/SSSD.v} w ]
add_files {{C:/harman/_HARMAN Team Project/HarmanSA_June_TeamPJ/CAM/CAM.srcs/sources_1/new/SSSD.v}}
update_compile_order -fileset sources_1
add_files -norecurse -scan_for_includes {{C:/harman/_HARMAN Team Project/HarmanSA_June_TeamPJ/CAM/CAM.srcs/sources_1/CAM/QVGA_MemController.sv} {C:/harman/_HARMAN Team Project/HarmanSA_June_TeamPJ/CAM/CAM.srcs/sources_1/CAM/frame_buffer.sv} {C:/harman/_HARMAN Team Project/HarmanSA_June_TeamPJ/CAM/CAM.srcs/sources_1/VGA_Controller.sv} {C:/harman/_HARMAN Team Project/HarmanSA_June_TeamPJ/CAM/CAM.srcs/sources_1/CAM/OV7670_MemController.sv} {C:/harman/_HARMAN Team Project/HarmanSA_June_TeamPJ/CAM/CAM.srcs/sources_1/CAM/OV7670_VGA_Display.sv}}
update_compile_order -fileset sources_1
update_compile_order -fileset sources_1
synth_design -rtl -rtl_skip_mlo -name rtl_1
Command: synth_design -rtl -rtl_skip_mlo -name rtl_1
Starting synth_design
Using part: xc7a35tcpg236-1
Top: OV7670_VGA_Display
INFO: [Device 21-403] Loading part xc7a35tcpg236-1
---------------------------------------------------------------------------------
Starting RTL Elaboration : Time (s): cpu = 00:00:03 ; elapsed = 00:00:03 . Memory (MB): peak = 1459.688 ; gain = 243.273
---------------------------------------------------------------------------------
INFO: [Synth 8-6157] synthesizing module 'OV7670_VGA_Display' [C:/harman/_HARMAN Team Project/HarmanSA_June_TeamPJ/CAM/CAM.srcs/sources_1/CAM/OV7670_VGA_Display.sv:3]
INFO: [Synth 8-6157] synthesizing module 'pixel_clk_gen' [C:/harman/_HARMAN Team Project/HarmanSA_June_TeamPJ/CAM/CAM.srcs/sources_1/VGA_Controller.sv:26]
INFO: [Synth 8-6155] done synthesizing module 'pixel_clk_gen' (1#1) [C:/harman/_HARMAN Team Project/HarmanSA_June_TeamPJ/CAM/CAM.srcs/sources_1/VGA_Controller.sv:26]
INFO: [Synth 8-6157] synthesizing module 'VGA_Controller' [C:/harman/_HARMAN Team Project/HarmanSA_June_TeamPJ/CAM/CAM.srcs/sources_1/VGA_Controller.sv:3]
INFO: [Synth 8-6157] synthesizing module 'pixel_counter' [C:/harman/_HARMAN Team Project/HarmanSA_June_TeamPJ/CAM/CAM.srcs/sources_1/VGA_Controller.sv:50]
	Parameter H_MAX bound to: 800 - type: integer 
	Parameter V_MAX bound to: 525 - type: integer 
INFO: [Synth 8-6155] done synthesizing module 'pixel_counter' (2#1) [C:/harman/_HARMAN Team Project/HarmanSA_June_TeamPJ/CAM/CAM.srcs/sources_1/VGA_Controller.sv:50]
INFO: [Synth 8-6157] synthesizing module 'VGA_decoder' [C:/harman/_HARMAN Team Project/HarmanSA_June_TeamPJ/CAM/CAM.srcs/sources_1/VGA_Controller.sv:85]
	Parameter H_Visible_area bound to: 640 - type: integer 
	Parameter H_Front_porch bound to: 16 - type: integer 
	Parameter H_Sync_pulse bound to: 96 - type: integer 
	Parameter H_Back_porch bound to: 48 - type: integer 
	Parameter H_Whole_line bound to: 800 - type: integer 
	Parameter V_Visible_area bound to: 480 - type: integer 
	Parameter V_Front_porch bound to: 10 - type: integer 
	Parameter V_Sync_pulse bound to: 2 - type: integer 
	Parameter V_Back_porch bound to: 33 - type: integer 
	Parameter V_Whole_frame bound to: 525 - type: integer 
INFO: [Synth 8-6155] done synthesizing module 'VGA_decoder' (3#1) [C:/harman/_HARMAN Team Project/HarmanSA_June_TeamPJ/CAM/CAM.srcs/sources_1/VGA_Controller.sv:85]
INFO: [Synth 8-6155] done synthesizing module 'VGA_Controller' (4#1) [C:/harman/_HARMAN Team Project/HarmanSA_June_TeamPJ/CAM/CAM.srcs/sources_1/VGA_Controller.sv:3]
INFO: [Synth 8-6157] synthesizing module 'OV7670_MemController' [C:/harman/_HARMAN Team Project/HarmanSA_June_TeamPJ/CAM/CAM.srcs/sources_1/CAM/OV7670_MemController.sv:3]
INFO: [Synth 8-6155] done synthesizing module 'OV7670_MemController' (5#1) [C:/harman/_HARMAN Team Project/HarmanSA_June_TeamPJ/CAM/CAM.srcs/sources_1/CAM/OV7670_MemController.sv:3]
INFO: [Synth 8-6157] synthesizing module 'frame_buffer' [C:/harman/_HARMAN Team Project/HarmanSA_June_TeamPJ/CAM/CAM.srcs/sources_1/CAM/frame_buffer.sv:3]
INFO: [Synth 8-6155] done synthesizing module 'frame_buffer' (6#1) [C:/harman/_HARMAN Team Project/HarmanSA_June_TeamPJ/CAM/CAM.srcs/sources_1/CAM/frame_buffer.sv:3]
INFO: [Synth 8-6157] synthesizing module 'QVGA_MemController' [C:/harman/_HARMAN Team Project/HarmanSA_June_TeamPJ/CAM/CAM.srcs/sources_1/CAM/QVGA_MemController.sv:3]
INFO: [Synth 8-6155] done synthesizing module 'QVGA_MemController' (7#1) [C:/harman/_HARMAN Team Project/HarmanSA_June_TeamPJ/CAM/CAM.srcs/sources_1/CAM/QVGA_MemController.sv:3]
ERROR: [Synth 8-439] module 'glayScale_filter' not found [C:/harman/_HARMAN Team Project/HarmanSA_June_TeamPJ/CAM/CAM.srcs/sources_1/CAM/OV7670_VGA_Display.sv:93]
ERROR: [Synth 8-6156] failed synthesizing module 'OV7670_VGA_Display' [C:/harman/_HARMAN Team Project/HarmanSA_June_TeamPJ/CAM/CAM.srcs/sources_1/CAM/OV7670_VGA_Display.sv:3]
---------------------------------------------------------------------------------
Finished RTL Elaboration : Time (s): cpu = 00:00:04 ; elapsed = 00:00:04 . Memory (MB): peak = 1554.906 ; gain = 338.492
---------------------------------------------------------------------------------
RTL Elaboration failed
16 Infos, 0 Warnings, 0 Critical Warnings and 3 Errors encountered.
synth_design failed
ERROR: [Vivado_Tcl 4-5] Elaboration failed - please see the console for details
synth_design -rtl -rtl_skip_mlo -name rtl_1
Command: synth_design -rtl -rtl_skip_mlo -name rtl_1
Starting synth_design
Using part: xc7a35tcpg236-1
Top: OV7670_VGA_Display
---------------------------------------------------------------------------------
Starting RTL Elaboration : Time (s): cpu = 00:00:03 ; elapsed = 00:00:02 . Memory (MB): peak = 1554.906 ; gain = 0.000
---------------------------------------------------------------------------------
INFO: [Synth 8-6157] synthesizing module 'OV7670_VGA_Display' [C:/harman/_HARMAN Team Project/HarmanSA_June_TeamPJ/CAM/CAM.srcs/sources_1/CAM/OV7670_VGA_Display.sv:3]
INFO: [Synth 8-6157] synthesizing module 'pixel_clk_gen' [C:/harman/_HARMAN Team Project/HarmanSA_June_TeamPJ/CAM/CAM.srcs/sources_1/VGA_Controller.sv:26]
INFO: [Synth 8-6155] done synthesizing module 'pixel_clk_gen' (1#1) [C:/harman/_HARMAN Team Project/HarmanSA_June_TeamPJ/CAM/CAM.srcs/sources_1/VGA_Controller.sv:26]
INFO: [Synth 8-6157] synthesizing module 'VGA_Controller' [C:/harman/_HARMAN Team Project/HarmanSA_June_TeamPJ/CAM/CAM.srcs/sources_1/VGA_Controller.sv:3]
INFO: [Synth 8-6157] synthesizing module 'pixel_counter' [C:/harman/_HARMAN Team Project/HarmanSA_June_TeamPJ/CAM/CAM.srcs/sources_1/VGA_Controller.sv:50]
	Parameter H_MAX bound to: 800 - type: integer 
	Parameter V_MAX bound to: 525 - type: integer 
INFO: [Synth 8-6155] done synthesizing module 'pixel_counter' (2#1) [C:/harman/_HARMAN Team Project/HarmanSA_June_TeamPJ/CAM/CAM.srcs/sources_1/VGA_Controller.sv:50]
INFO: [Synth 8-6157] synthesizing module 'VGA_decoder' [C:/harman/_HARMAN Team Project/HarmanSA_June_TeamPJ/CAM/CAM.srcs/sources_1/VGA_Controller.sv:85]
	Parameter H_Visible_area bound to: 640 - type: integer 
	Parameter H_Front_porch bound to: 16 - type: integer 
	Parameter H_Sync_pulse bound to: 96 - type: integer 
	Parameter H_Back_porch bound to: 48 - type: integer 
	Parameter H_Whole_line bound to: 800 - type: integer 
	Parameter V_Visible_area bound to: 480 - type: integer 
	Parameter V_Front_porch bound to: 10 - type: integer 
	Parameter V_Sync_pulse bound to: 2 - type: integer 
	Parameter V_Back_porch bound to: 33 - type: integer 
	Parameter V_Whole_frame bound to: 525 - type: integer 
INFO: [Synth 8-6155] done synthesizing module 'VGA_decoder' (3#1) [C:/harman/_HARMAN Team Project/HarmanSA_June_TeamPJ/CAM/CAM.srcs/sources_1/VGA_Controller.sv:85]
INFO: [Synth 8-6155] done synthesizing module 'VGA_Controller' (4#1) [C:/harman/_HARMAN Team Project/HarmanSA_June_TeamPJ/CAM/CAM.srcs/sources_1/VGA_Controller.sv:3]
INFO: [Synth 8-6157] synthesizing module 'OV7670_MemController' [C:/harman/_HARMAN Team Project/HarmanSA_June_TeamPJ/CAM/CAM.srcs/sources_1/CAM/OV7670_MemController.sv:3]
INFO: [Synth 8-6155] done synthesizing module 'OV7670_MemController' (5#1) [C:/harman/_HARMAN Team Project/HarmanSA_June_TeamPJ/CAM/CAM.srcs/sources_1/CAM/OV7670_MemController.sv:3]
INFO: [Synth 8-6157] synthesizing module 'frame_buffer' [C:/harman/_HARMAN Team Project/HarmanSA_June_TeamPJ/CAM/CAM.srcs/sources_1/CAM/frame_buffer.sv:3]
INFO: [Synth 8-6155] done synthesizing module 'frame_buffer' (6#1) [C:/harman/_HARMAN Team Project/HarmanSA_June_TeamPJ/CAM/CAM.srcs/sources_1/CAM/frame_buffer.sv:3]
INFO: [Synth 8-6157] synthesizing module 'QVGA_MemController' [C:/harman/_HARMAN Team Project/HarmanSA_June_TeamPJ/CAM/CAM.srcs/sources_1/CAM/QVGA_MemController.sv:3]
INFO: [Synth 8-6155] done synthesizing module 'QVGA_MemController' (7#1) [C:/harman/_HARMAN Team Project/HarmanSA_June_TeamPJ/CAM/CAM.srcs/sources_1/CAM/QVGA_MemController.sv:3]
INFO: [Synth 8-6155] done synthesizing module 'OV7670_VGA_Display' (8#1) [C:/harman/_HARMAN Team Project/HarmanSA_June_TeamPJ/CAM/CAM.srcs/sources_1/CAM/OV7670_VGA_Display.sv:3]
---------------------------------------------------------------------------------
Finished RTL Elaboration : Time (s): cpu = 00:00:03 ; elapsed = 00:00:03 . Memory (MB): peak = 1573.859 ; gain = 18.953
---------------------------------------------------------------------------------
---------------------------------------------------------------------------------
Start Handling Custom Attributes
---------------------------------------------------------------------------------
---------------------------------------------------------------------------------
Finished Handling Custom Attributes : Time (s): cpu = 00:00:04 ; elapsed = 00:00:04 . Memory (MB): peak = 1573.859 ; gain = 18.953
---------------------------------------------------------------------------------
---------------------------------------------------------------------------------
Finished RTL Optimization Phase 1 : Time (s): cpu = 00:00:04 ; elapsed = 00:00:04 . Memory (MB): peak = 1573.859 ; gain = 18.953
---------------------------------------------------------------------------------
Netlist sorting complete. Time (s): cpu = 00:00:00 ; elapsed = 00:00:00.002 . Memory (MB): peak = 1573.859 ; gain = 0.000
INFO: [Project 1-570] Preparing netlist for logic optimization

Processing XDC Constraints
Initializing timing engine
Completed Processing XDC Constraints

Netlist sorting complete. Time (s): cpu = 00:00:00 ; elapsed = 00:00:00.001 . Memory (MB): peak = 1635.539 ; gain = 0.000
INFO: [Project 1-111] Unisim Transformation Summary:
No Unisim elements were transformed.

RTL Elaboration Complete:  : Time (s): cpu = 00:00:12 ; elapsed = 00:00:06 . Memory (MB): peak = 1778.004 ; gain = 223.098
18 Infos, 0 Warnings, 0 Critical Warnings and 0 Errors encountered.
synth_design completed successfully
synth_design: Time (s): cpu = 00:00:12 ; elapsed = 00:00:06 . Memory (MB): peak = 1778.004 ; gain = 223.098
exit
INFO: [Common 17-206] Exiting Vivado at Wed Jun  4 11:27:33 2025...
