#-----------------------------------------------------------
# Vivado v2020.2 (64-bit)
# SW Build 3064766 on Wed Nov 18 09:12:45 MST 2020
# IP Build 3064653 on Wed Nov 18 14:17:31 MST 2020
# Start of session at: Tue Jun 17 09:27:19 2025
# Process ID: 13456
# Current directory: C:/harman/_HARMAN Team Project/HarmanSA_June_TeamPJ/FlagGame
# Command line: vivado.exe -gui_launcher_event rodinguilauncherevent1780 C:\harman\_HARMAN Team Project\HarmanSA_June_TeamPJ\FlagGame\FlagGame.xpr
# Log file: C:/harman/_HARMAN Team Project/HarmanSA_June_TeamPJ/FlagGame/vivado.log
# Journal file: C:/harman/_HARMAN Team Project/HarmanSA_June_TeamPJ/FlagGame\vivado.jou
#-----------------------------------------------------------
start_gui
open_project {C:/harman/_HARMAN Team Project/HarmanSA_June_TeamPJ/FlagGame/FlagGame.xpr}
WARNING: [filemgmt 56-3] Default IP Output Path : Could not find the directory 'C:/harman/_HARMAN Team Project/HarmanSA_June_TeamPJ/FlagGame/FlagGame.gen/sources_1'.
WARNING: [filemgmt 56-3] IPUserFilesDir: Could not find the directory 'C:/harman/_HARMAN Team Project/HarmanSA_June_TeamPJ/FlagGame/FlagGame.ip_user_files'.
Scanning sources...
Finished scanning sources
WARNING: [Project 1-509] GeneratedRun file for 'synth_1' not found
WARNING: [Project 1-509] GeneratedRun file for 'impl_1' not found
INFO: [IP_Flow 19-234] Refreshing IP repositories
INFO: [IP_Flow 19-1704] No user IP repositories specified
INFO: [IP_Flow 19-2313] Loaded Vivado IP repository 'C:/Xilinx/Vivado/2020.2/data/ip'.
update_compile_order -fileset sources_1
add_files -norecurse -scan_for_includes {{C:/harman/_HARMAN Team Project/HarmanSA_June_TeamPJ/FlagGame/FlagGame.srcs/sources_1/segCTRL/fndController.v}}
WARNING: [filemgmt 56-12] File 'C:/harman/_HARMAN Team Project/HarmanSA_June_TeamPJ/FlagGame/FlagGame.srcs/sources_1/segCTRL/fndController.v' cannot be added to the project because it already exists in the project, skipping this file
exit
INFO: [Common 17-206] Exiting Vivado at Tue Jun 17 09:35:16 2025...
