#-----------------------------------------------------------
# Vivado v2020.2 (64-bit)
# SW Build 3064766 on Wed Nov 18 09:12:45 MST 2020
# IP Build 3064653 on Wed Nov 18 14:17:31 MST 2020
# Start of session at: Tue Jun 10 12:44:03 2025
# Process ID: 9520
# Current directory: C:/harman/_HARMAN Team Project/HarmanSA_June_TeamPJ/FlagGame
# Command line: vivado.exe -gui_launcher_event rodinguilauncherevent10868 C:\harman\_HARMAN Team Project\HarmanSA_June_TeamPJ\FlagGame\FlagGame.xpr
# Log file: C:/harman/_HARMAN Team Project/HarmanSA_June_TeamPJ/FlagGame/vivado.log
# Journal file: C:/harman/_HARMAN Team Project/HarmanSA_June_TeamPJ/FlagGame\vivado.jou
#-----------------------------------------------------------
start_gui
open_project {C:/harman/_HARMAN Team Project/HarmanSA_June_TeamPJ/FlagGame/FlagGame.xpr}
WARNING: [filemgmt 56-3] Default IP Output Path : Could not find the directory 'C:/harman/_HARMAN Team Project/HarmanSA_June_TeamPJ/FlagGame/FlagGame.gen/sources_1'.
Scanning sources...
Finished scanning sources
INFO: [IP_Flow 19-234] Refreshing IP repositories
INFO: [IP_Flow 19-1704] No user IP repositories specified
INFO: [IP_Flow 19-2313] Loaded Vivado IP repository 'C:/Xilinx/Vivado/2020.2/data/ip'.
update_compile_order -fileset sources_1
open_hw_manager
connect_hw_server -allow_non_jtag
INFO: [Labtools 27-2285] Connecting to hw_server url TCP:localhost:3121
INFO: [Common 17-41] Interrupt caught. Command should exit soon.
INFO: [Labtools 27-2058] connect_hw_server command cancelled.
connect_hw_server: Time (s): cpu = 00:00:02 ; elapsed = 00:01:00 . Memory (MB): peak = 1107.004 ; gain = 0.000
INFO: [Common 17-344] 'connect_hw_server' was cancelled
exit
INFO: [Common 17-206] Exiting Vivado at Tue Jun 10 12:47:49 2025...
